<?xml version="1.0" encoding="UTF-8"?>
<!-- Generated by org.testng.reporters.JUnitXMLReporter -->
<testsuite ignored="0" hostname="LAPTOP-B17B4A37" failures="0" tests="4" name="TestFlipkartChrome" time="196.635" errors="0" timestamp="2022-06-07T11:28:47 IST">
  <testcase classname="testNG.Flipkart_TestNG" name="myProfile" time="8.353"/>
  <testcase classname="testNG.Flipkart_TestNG" name="mychats" time="13.388"/>
  <testcase classname="testNG.Flipkart_TestNG" name="orders" time="13.314"/>
  <testcase classname="testNG.Flipkart_TestNG" name="wishlist" time="11.466"/>
</testsuite> <!-- TestFlipkartChrome -->
