<?xml version="1.0" encoding="UTF-8"?>
<testng-results ignored="0" total="8" passed="8" failed="0" skipped="0">
  <reporter-output>
  </reporter-output>
  <suite started-at="2022-06-07T11:25:31 IST" name="SuiteFlipkart" finished-at="2022-06-07T11:31:27 IST" duration-ms="355941">
    <groups>
    </groups>
    <test started-at="2022-06-07T11:25:31 IST" name="TestFlipkartChrome" finished-at="2022-06-07T11:28:47 IST" duration-ms="196635">
      <class name="testNG.Flipkart_TestNG">
        <test-method is-config="true" signature="browserLaunch(java.lang.String)[pri:0, instance:testNG.Flipkart_TestNG@6a28ffa4]" started-at="2022-06-07T11:25:31 IST" name="browserLaunch" finished-at="2022-06-07T11:25:35 IST" duration-ms="4334" status="PASS">
          <params>
            <param index="0">
              <value>
                <![CDATA[Chrome]]>
              </value>
            </param>
          </params>
          <reporter-output>
          </reporter-output>
        </test-method> <!-- browserLaunch -->
        <test-method is-config="true" signature="browserLaunch()[pri:0, instance:testNG.Flipkart_TestNG@6a28ffa4]" started-at="2022-06-07T11:25:35 IST" name="browserLaunch" finished-at="2022-06-07T11:25:35 IST" duration-ms="22" status="PASS">
          <reporter-output>
          </reporter-output>
        </test-method> <!-- browserLaunch -->
        <test-method is-config="true" signature="login()[pri:0, instance:testNG.Flipkart_TestNG@6a28ffa4]" started-at="2022-06-07T11:25:35 IST" name="login" finished-at="2022-06-07T11:26:14 IST" duration-ms="38893" status="PASS">
          <reporter-output>
          </reporter-output>
        </test-method> <!-- login -->
        <test-method signature="myProfile()[pri:0, instance:testNG.Flipkart_TestNG@6a28ffa4]" started-at="2022-06-07T11:26:14 IST" name="myProfile" finished-at="2022-06-07T11:26:22 IST" duration-ms="8353" status="PASS">
          <reporter-output>
          </reporter-output>
        </test-method> <!-- myProfile -->
        <test-method is-config="true" signature="logOut(org.testng.ITestResult)[pri:0, instance:testNG.Flipkart_TestNG@6a28ffa4]" started-at="2022-06-07T11:26:22 IST" name="logOut" finished-at="2022-06-07T11:26:44 IST" duration-ms="21268" status="PASS">
          <params>
            <param index="0">
              <value>
                <![CDATA[[TestResult name=myProfile status=SUCCESS method=Flipkart_TestNG.myProfile()[pri:0, instance:testNG.Flipkart_TestNG@6a28ffa4] output={null}]]]>
              </value>
            </param>
          </params>
          <reporter-output>
          </reporter-output>
        </test-method> <!-- logOut -->
        <test-method is-config="true" signature="login()[pri:0, instance:testNG.Flipkart_TestNG@6a28ffa4]" started-at="2022-06-07T11:26:44 IST" name="login" finished-at="2022-06-07T11:26:49 IST" duration-ms="5498" status="PASS">
          <reporter-output>
          </reporter-output>
        </test-method> <!-- login -->
        <test-method signature="mychats()[pri:0, instance:testNG.Flipkart_TestNG@6a28ffa4]" started-at="2022-06-07T11:26:49 IST" name="mychats" finished-at="2022-06-07T11:27:02 IST" duration-ms="13388" status="PASS">
          <reporter-output>
          </reporter-output>
        </test-method> <!-- mychats -->
        <test-method is-config="true" signature="logOut(org.testng.ITestResult)[pri:0, instance:testNG.Flipkart_TestNG@6a28ffa4]" started-at="2022-06-07T11:27:02 IST" name="logOut" finished-at="2022-06-07T11:27:24 IST" duration-ms="21246" status="PASS">
          <params>
            <param index="0">
              <value>
                <![CDATA[[TestResult name=mychats status=SUCCESS method=Flipkart_TestNG.mychats()[pri:0, instance:testNG.Flipkart_TestNG@6a28ffa4] output={null}]]]>
              </value>
            </param>
          </params>
          <reporter-output>
          </reporter-output>
        </test-method> <!-- logOut -->
        <test-method is-config="true" signature="login()[pri:0, instance:testNG.Flipkart_TestNG@6a28ffa4]" started-at="2022-06-07T11:27:24 IST" name="login" finished-at="2022-06-07T11:27:29 IST" duration-ms="5657" status="PASS">
          <reporter-output>
          </reporter-output>
        </test-method> <!-- login -->
        <test-method signature="orders()[pri:0, instance:testNG.Flipkart_TestNG@6a28ffa4]" started-at="2022-06-07T11:27:29 IST" name="orders" finished-at="2022-06-07T11:27:43 IST" duration-ms="13314" status="PASS">
          <reporter-output>
          </reporter-output>
        </test-method> <!-- orders -->
        <test-method is-config="true" signature="logOut(org.testng.ITestResult)[pri:0, instance:testNG.Flipkart_TestNG@6a28ffa4]" started-at="2022-06-07T11:27:43 IST" name="logOut" finished-at="2022-06-07T11:28:04 IST" duration-ms="21267" status="PASS">
          <params>
            <param index="0">
              <value>
                <![CDATA[[TestResult name=orders status=SUCCESS method=Flipkart_TestNG.orders()[pri:0, instance:testNG.Flipkart_TestNG@6a28ffa4] output={null}]]]>
              </value>
            </param>
          </params>
          <reporter-output>
          </reporter-output>
        </test-method> <!-- logOut -->
        <test-method is-config="true" signature="login()[pri:0, instance:testNG.Flipkart_TestNG@6a28ffa4]" started-at="2022-06-07T11:28:04 IST" name="login" finished-at="2022-06-07T11:28:09 IST" duration-ms="5426" status="PASS">
          <reporter-output>
          </reporter-output>
        </test-method> <!-- login -->
        <test-method signature="wishlist()[pri:0, instance:testNG.Flipkart_TestNG@6a28ffa4]" started-at="2022-06-07T11:28:09 IST" name="wishlist" finished-at="2022-06-07T11:28:21 IST" duration-ms="11466" status="PASS">
          <reporter-output>
          </reporter-output>
        </test-method> <!-- wishlist -->
        <test-method is-config="true" signature="logOut(org.testng.ITestResult)[pri:0, instance:testNG.Flipkart_TestNG@6a28ffa4]" started-at="2022-06-07T11:28:21 IST" name="logOut" finished-at="2022-06-07T11:28:42 IST" duration-ms="21282" status="PASS">
          <params>
            <param index="0">
              <value>
                <![CDATA[[TestResult name=wishlist status=SUCCESS method=Flipkart_TestNG.wishlist()[pri:0, instance:testNG.Flipkart_TestNG@6a28ffa4] output={null}]]]>
              </value>
            </param>
          </params>
          <reporter-output>
          </reporter-output>
        </test-method> <!-- logOut -->
        <test-method is-config="true" signature="closeBrowser()[pri:0, instance:testNG.Flipkart_TestNG@6a28ffa4]" started-at="2022-06-07T11:28:42 IST" name="closeBrowser" finished-at="2022-06-07T11:28:47 IST" duration-ms="5169" status="PASS">
          <reporter-output>
          </reporter-output>
        </test-method> <!-- closeBrowser -->
        <test-method is-config="true" signature="clearObjects()[pri:0, instance:testNG.Flipkart_TestNG@6a28ffa4]" started-at="2022-06-07T11:28:42 IST" name="clearObjects" finished-at="2022-06-07T11:28:42 IST" duration-ms="0" status="PASS">
          <reporter-output>
          </reporter-output>
        </test-method> <!-- clearObjects -->
      </class> <!-- testNG.Flipkart_TestNG -->
    </test> <!-- TestFlipkartChrome -->
    <test started-at="2022-06-07T11:28:47 IST" name="TestFlipkartEdge" finished-at="2022-06-07T11:31:27 IST" duration-ms="159269">
      <class name="testNG.Flipkart_TestNG">
        <test-method is-config="true" signature="browserLaunch(java.lang.String)[pri:0, instance:testNG.Flipkart_TestNG@f5ac9e4]" started-at="2022-06-07T11:28:47 IST" name="browserLaunch" finished-at="2022-06-07T11:28:50 IST" duration-ms="2986" status="PASS">
          <params>
            <param index="0">
              <value>
                <![CDATA[Edge]]>
              </value>
            </param>
          </params>
          <reporter-output>
          </reporter-output>
        </test-method> <!-- browserLaunch -->
        <test-method is-config="true" signature="browserLaunch()[pri:0, instance:testNG.Flipkart_TestNG@f5ac9e4]" started-at="2022-06-07T11:28:50 IST" name="browserLaunch" finished-at="2022-06-07T11:28:50 IST" duration-ms="0" status="PASS">
          <reporter-output>
          </reporter-output>
        </test-method> <!-- browserLaunch -->
        <test-method is-config="true" signature="login()[pri:0, instance:testNG.Flipkart_TestNG@f5ac9e4]" started-at="2022-06-07T11:28:50 IST" name="login" finished-at="2022-06-07T11:28:57 IST" duration-ms="6597" status="PASS">
          <reporter-output>
          </reporter-output>
        </test-method> <!-- login -->
        <test-method signature="myProfile()[pri:0, instance:testNG.Flipkart_TestNG@f5ac9e4]" started-at="2022-06-07T11:28:57 IST" name="myProfile" finished-at="2022-06-07T11:29:05 IST" duration-ms="8435" status="PASS">
          <reporter-output>
          </reporter-output>
        </test-method> <!-- myProfile -->
        <test-method is-config="true" signature="logOut(org.testng.ITestResult)[pri:0, instance:testNG.Flipkart_TestNG@f5ac9e4]" started-at="2022-06-07T11:29:05 IST" name="logOut" finished-at="2022-06-07T11:29:27 IST" duration-ms="21228" status="PASS">
          <params>
            <param index="0">
              <value>
                <![CDATA[[TestResult name=myProfile status=SUCCESS method=Flipkart_TestNG.myProfile()[pri:0, instance:testNG.Flipkart_TestNG@f5ac9e4] output={null}]]]>
              </value>
            </param>
          </params>
          <reporter-output>
          </reporter-output>
        </test-method> <!-- logOut -->
        <test-method is-config="true" signature="login()[pri:0, instance:testNG.Flipkart_TestNG@f5ac9e4]" started-at="2022-06-07T11:29:27 IST" name="login" finished-at="2022-06-07T11:29:32 IST" duration-ms="5490" status="PASS">
          <reporter-output>
          </reporter-output>
        </test-method> <!-- login -->
        <test-method signature="mychats()[pri:0, instance:testNG.Flipkart_TestNG@f5ac9e4]" started-at="2022-06-07T11:29:32 IST" name="mychats" finished-at="2022-06-07T11:29:45 IST" duration-ms="13313" status="PASS">
          <reporter-output>
          </reporter-output>
        </test-method> <!-- mychats -->
        <test-method is-config="true" signature="logOut(org.testng.ITestResult)[pri:0, instance:testNG.Flipkart_TestNG@f5ac9e4]" started-at="2022-06-07T11:29:45 IST" name="logOut" finished-at="2022-06-07T11:30:07 IST" duration-ms="21214" status="PASS">
          <params>
            <param index="0">
              <value>
                <![CDATA[[TestResult name=mychats status=SUCCESS method=Flipkart_TestNG.mychats()[pri:0, instance:testNG.Flipkart_TestNG@f5ac9e4] output={null}]]]>
              </value>
            </param>
          </params>
          <reporter-output>
          </reporter-output>
        </test-method> <!-- logOut -->
        <test-method is-config="true" signature="login()[pri:0, instance:testNG.Flipkart_TestNG@f5ac9e4]" started-at="2022-06-07T11:30:07 IST" name="login" finished-at="2022-06-07T11:30:12 IST" duration-ms="5695" status="PASS">
          <reporter-output>
          </reporter-output>
        </test-method> <!-- login -->
        <test-method signature="orders()[pri:0, instance:testNG.Flipkart_TestNG@f5ac9e4]" started-at="2022-06-07T11:30:12 IST" name="orders" finished-at="2022-06-07T11:30:26 IST" duration-ms="13328" status="PASS">
          <reporter-output>
          </reporter-output>
        </test-method> <!-- orders -->
        <test-method is-config="true" signature="logOut(org.testng.ITestResult)[pri:0, instance:testNG.Flipkart_TestNG@f5ac9e4]" started-at="2022-06-07T11:30:26 IST" name="logOut" finished-at="2022-06-07T11:30:47 IST" duration-ms="21221" status="PASS">
          <params>
            <param index="0">
              <value>
                <![CDATA[[TestResult name=orders status=SUCCESS method=Flipkart_TestNG.orders()[pri:0, instance:testNG.Flipkart_TestNG@f5ac9e4] output={null}]]]>
              </value>
            </param>
          </params>
          <reporter-output>
          </reporter-output>
        </test-method> <!-- logOut -->
        <test-method is-config="true" signature="login()[pri:0, instance:testNG.Flipkart_TestNG@f5ac9e4]" started-at="2022-06-07T11:30:47 IST" name="login" finished-at="2022-06-07T11:30:52 IST" duration-ms="5464" status="PASS">
          <reporter-output>
          </reporter-output>
        </test-method> <!-- login -->
        <test-method signature="wishlist()[pri:0, instance:testNG.Flipkart_TestNG@f5ac9e4]" started-at="2022-06-07T11:30:52 IST" name="wishlist" finished-at="2022-06-07T11:31:04 IST" duration-ms="11797" status="PASS">
          <reporter-output>
          </reporter-output>
        </test-method> <!-- wishlist -->
        <test-method is-config="true" signature="logOut(org.testng.ITestResult)[pri:0, instance:testNG.Flipkart_TestNG@f5ac9e4]" started-at="2022-06-07T11:31:04 IST" name="logOut" finished-at="2022-06-07T11:31:25 IST" duration-ms="21241" status="PASS">
          <params>
            <param index="0">
              <value>
                <![CDATA[[TestResult name=wishlist status=SUCCESS method=Flipkart_TestNG.wishlist()[pri:0, instance:testNG.Flipkart_TestNG@f5ac9e4] output={null}]]]>
              </value>
            </param>
          </params>
          <reporter-output>
          </reporter-output>
        </test-method> <!-- logOut -->
        <test-method is-config="true" signature="clearObjects()[pri:0, instance:testNG.Flipkart_TestNG@f5ac9e4]" started-at="2022-06-07T11:31:25 IST" name="clearObjects" finished-at="2022-06-07T11:31:25 IST" duration-ms="1" status="PASS">
          <reporter-output>
          </reporter-output>
        </test-method> <!-- clearObjects -->
        <test-method is-config="true" signature="closeBrowser()[pri:0, instance:testNG.Flipkart_TestNG@f5ac9e4]" started-at="2022-06-07T11:31:25 IST" name="closeBrowser" finished-at="2022-06-07T11:31:27 IST" duration-ms="1251" status="PASS">
          <reporter-output>
          </reporter-output>
        </test-method> <!-- closeBrowser -->
      </class> <!-- testNG.Flipkart_TestNG -->
    </test> <!-- TestFlipkartEdge -->
  </suite> <!-- SuiteFlipkart -->
</testng-results>
